INFO main hu.blackbelt.epsilon.runtime.execution.Slf4jLog - Model: EmfModel{artifacts='null', name='null', aliases=null, readOnLoad=true, storeOnDisposal=false, cached=true, metaModelFile=null, platformAlias='null', expand=true, metaModelUris=null, fileBasedMetamodelUris=null, modelUri='model:epsilon-runtime-test1.model', reuseUnmodifiedFileBasedMetamodels=true, validateModel='true', emfModelFactory='hu.blackbelt.epsilon.runtime.execution.ExecutionContextTest$2@3911c2a7'}
INFO main hu.blackbelt.epsilon.runtime.execution.Slf4jLog - Model: EmfModel{artifacts='{model=TEST}', name='null', aliases=[], readOnLoad=true, storeOnDisposal=false, cached=true, metaModelFile=null, platformAlias='null', expand=true, metaModelUris=null, fileBasedMetamodelUris=null, modelUri='model:epsilon-runtime-test1.model', reuseUnmodifiedFileBasedMetamodels=true, validateModel='true', emfModelFactory='hu.blackbelt.epsilon.runtime.execution.ExecutionContextTest$2@192d43ce'}
INFO main hu.blackbelt.epsilon.runtime.execution.Slf4jLog -     Artifact model file: model:TEST
INFO main hu.blackbelt.epsilon.runtime.execution.Slf4jLog - Model: EmfModel{artifacts='{model=TEST}', name='null', aliases=[], readOnLoad=true, storeOnDisposal=false, cached=true, metaModelFile=null, platformAlias='null', expand=true, metaModelUris=null, fileBasedMetamodelUris=null, modelUri='model:epsilon-runtime-test1.model', reuseUnmodifiedFileBasedMetamodels=true, validateModel='true', emfModelFactory='hu.blackbelt.epsilon.runtime.execution.ExecutionContextTest$2@192d43ce'}
INFO main hu.blackbelt.epsilon.runtime.execution.Slf4jLog -     Artifact model file: model:TEST
INFO main hu.blackbelt.epsilon.runtime.execution.Slf4jLog - Registering MODEL_URI: model:TEST
INFO main hu.blackbelt.epsilon.runtime.execution.Slf4jLog - Model: EmfModel{artifacts='{model=TEST}', name='null', aliases=[], readOnLoad=true, storeOnDisposal=false, cached=true, metaModelFile=null, platformAlias='null', expand=true, metaModelUris=null, fileBasedMetamodelUris=null, modelUri='model:epsilon-runtime-test1.model', reuseUnmodifiedFileBasedMetamodels=true, validateModel='true', emfModelFactory='hu.blackbelt.epsilon.runtime.execution.ExecutionContextTest$2@6ca18a14'}
INFO main hu.blackbelt.epsilon.runtime.execution.Slf4jLog -     Artifact model file: model:TEST
INFO main hu.blackbelt.epsilon.runtime.execution.Slf4jLog - Registering MODEL_URI: model:TEST
INFO main hu.blackbelt.epsilon.runtime.execution.Slf4jLog - Model: EmfModel{artifacts='{model=TEST}', name='null', aliases=[], readOnLoad=true, storeOnDisposal=false, cached=true, metaModelFile=null, platformAlias='null', expand=true, metaModelUris=null, fileBasedMetamodelUris=null, modelUri='model:epsilon-runtime-test1.model', reuseUnmodifiedFileBasedMetamodels=true, validateModel='true', emfModelFactory='hu.blackbelt.epsilon.runtime.execution.ExecutionContextTest$2@6ca18a14'}
INFO main hu.blackbelt.epsilon.runtime.execution.Slf4jLog -     Artifact model file: model:TEST
INFO main hu.blackbelt.epsilon.runtime.execution.Slf4jLog - Registering MODEL_URI: model:TEST
INFO main hu.blackbelt.epsilon.runtime.execution.Slf4jLog - Model: EmfModel{artifacts='{model=TEST}', name='null', aliases=[], readOnLoad=true, storeOnDisposal=false, cached=true, metaModelFile=null, platformAlias='null', expand=true, metaModelUris=null, fileBasedMetamodelUris=null, modelUri='model:epsilon-runtime-test1.model', reuseUnmodifiedFileBasedMetamodels=true, validateModel='true', emfModelFactory='hu.blackbelt.epsilon.runtime.execution.ExecutionContextTest$2@3cfdd820'}
INFO main hu.blackbelt.epsilon.runtime.execution.Slf4jLog -     Artifact model file: model:TEST
INFO main hu.blackbelt.epsilon.runtime.execution.Slf4jLog - Registering MODEL_URI: model:TEST
DEBUG main hu.blackbelt.epsilon.runtime.execution.model.emf.DefaultRuntimeXmiResourceImpl - Load optimized model - model:TEST
INFO main hu.blackbelt.epsilon.runtime.execution.Slf4jLog - Model: EmfModel{artifacts='{model=TEST}', name='null', aliases=[], readOnLoad=true, storeOnDisposal=false, cached=true, metaModelFile=null, platformAlias='null', expand=true, metaModelUris=null, fileBasedMetamodelUris=null, modelUri='model:epsilon-runtime-test1.model', reuseUnmodifiedFileBasedMetamodels=true, validateModel='true', emfModelFactory='hu.blackbelt.epsilon.runtime.execution.ExecutionContextTest$2@123ef382'}
INFO main hu.blackbelt.epsilon.runtime.execution.Slf4jLog -     Artifact model file: model:TEST
INFO main hu.blackbelt.epsilon.runtime.execution.Slf4jLog - Registering MODEL_URI: model:TEST
DEBUG main hu.blackbelt.epsilon.runtime.execution.model.emf.DefaultRuntimeXmiResourceImpl - Load optimized model - model:TEST
INFO main hu.blackbelt.epsilon.runtime.execution.Slf4jLog - Model: EmfModel{artifacts='{model=TEST}', name='null', aliases=[], readOnLoad=true, storeOnDisposal=false, cached=true, metaModelFile=null, platformAlias='null', expand=true, metaModelUris=null, fileBasedMetamodelUris=null, modelUri='model:epsilon-runtime-test1.model', reuseUnmodifiedFileBasedMetamodels=true, validateModel='true', emfModelFactory='hu.blackbelt.epsilon.runtime.execution.ExecutionContextTest$2@3cfdd820'}
INFO main hu.blackbelt.epsilon.runtime.execution.Slf4jLog -     Artifact model file: model:TEST
INFO main hu.blackbelt.epsilon.runtime.execution.Slf4jLog - Registering MODEL_URI: model:TEST
DEBUG main hu.blackbelt.epsilon.runtime.execution.model.emf.DefaultRuntimeXmiResourceImpl - Load optimized model - model:TEST
INFO main hu.blackbelt.epsilon.runtime.execution.Slf4jLog - Model: EmfModel{artifacts='{model=TEST}', name='null', aliases=[], readOnLoad=true, storeOnDisposal=false, cached=true, metaModelFile=null, platformAlias='null', expand=true, metaModelUris=null, fileBasedMetamodelUris=null, modelUri='model:epsilon-runtime-test1.model', reuseUnmodifiedFileBasedMetamodels=true, validateModel='true', emfModelFactory='hu.blackbelt.epsilon.runtime.execution.ExecutionContextTest$2@3cfdd820'}
INFO main hu.blackbelt.epsilon.runtime.execution.Slf4jLog -     Artifact model file: model:TEST
INFO main hu.blackbelt.epsilon.runtime.execution.Slf4jLog - Registering MODEL_URI: model:TEST
INFO main hu.blackbelt.epsilon.runtime.execution.Slf4jLog - Model: EmfModel{artifacts='{model=TEST}', name='null', aliases=[], readOnLoad=true, storeOnDisposal=false, cached=true, metaModelFile=null, platformAlias='null', expand=true, metaModelUris=null, fileBasedMetamodelUris=null, modelUri='model:epsilon-runtime-test1.model', reuseUnmodifiedFileBasedMetamodels=true, validateModel='true', emfModelFactory='hu.blackbelt.epsilon.runtime.execution.ExecutionContextTest$2@3cfdd820'}
INFO main hu.blackbelt.epsilon.runtime.execution.Slf4jLog -     Artifact model file: model:TEST
INFO main hu.blackbelt.epsilon.runtime.execution.Slf4jLog - Registering MODEL_URI: model:TEST
INFO main hu.blackbelt.epsilon.runtime.execution.Slf4jLog - Model: EmfModel{artifacts='{model=model:epsilon-runtime-test1.model}', name='TEST', aliases=[], readOnLoad=true, storeOnDisposal=false, cached=true, metaModelFile=null, platformAlias='null', expand=true, metaModelUris=null, validateModel='true', emfModelFactory='hu.blackbelt.epsilon.runtime.execution.ExecutionContextTest$3@384ad17b'}
INFO main hu.blackbelt.epsilon.runtime.execution.Slf4jLog -     Artifact model file: model:model:epsilon-runtime-test1.model
INFO main hu.blackbelt.epsilon.runtime.execution.Slf4jLog - Registering MODEL_URI: model:model:epsilon-runtime-test1.model
INFO main hu.blackbelt.epsilon.runtime.execution.Slf4jLog - Model: EmfModel{artifacts='{model=model:epsilon-runtime-test1.model}', name='TEST', aliases=[], readOnLoad=true, storeOnDisposal=false, cached=true, metaModelFile=null, platformAlias='null', expand=true, metaModelUris=null, validateModel='true', emfModelFactory='hu.blackbelt.epsilon.runtime.execution.ExecutionContextTest$3@471a9022'}
INFO main hu.blackbelt.epsilon.runtime.execution.Slf4jLog -     Artifact model file: model:model:epsilon-runtime-test1.model
INFO main hu.blackbelt.epsilon.runtime.execution.Slf4jLog - Registering MODEL_URI: model:model:epsilon-runtime-test1.model
INFO main hu.blackbelt.epsilon.runtime.execution.Slf4jLog - Model: EmfModel{artifacts='{model=model:epsilon-runtime-test1.model}', name='TEST', aliases=[], readOnLoad=true, storeOnDisposal=false, cached=true, metaModelFile=null, platformAlias='null', expand=true, metaModelUris=null, validateModel='true', emfModelFactory='hu.blackbelt.epsilon.runtime.execution.ExecutionContextTest$3@471a9022'}
INFO main hu.blackbelt.epsilon.runtime.execution.Slf4jLog -     Artifact model file: model:model:epsilon-runtime-test1.model
INFO main hu.blackbelt.epsilon.runtime.execution.Slf4jLog - Registering MODEL_URI: model:model:epsilon-runtime-test1.model
INFO main hu.blackbelt.epsilon.runtime.execution.Slf4jLog - Model: EmfModel{artifacts='{model=model:epsilon-runtime-test1.model}', name='TEST', aliases=[], readOnLoad=true, storeOnDisposal=false, cached=true, metaModelFile=null, platformAlias='null', expand=true, metaModelUris=null, validateModel='true', emfModelFactory='hu.blackbelt.epsilon.runtime.execution.ExecutionContextTest$3@1d9b7cce'}
INFO main hu.blackbelt.epsilon.runtime.execution.Slf4jLog -     Artifact model file: model:model:epsilon-runtime-test1.model
INFO main hu.blackbelt.epsilon.runtime.execution.Slf4jLog - Registering MODEL_URI: model:model:epsilon-runtime-test1.model
INFO main hu.blackbelt.epsilon.runtime.execution.Slf4jLog - Model: EmfModel{artifacts='{model=model:epsilon-runtime-test1.model}', name='TEST', aliases=[], readOnLoad=true, storeOnDisposal=false, cached=true, metaModelFile=null, platformAlias='null', expand=true, metaModelUris=null, validateModel='true', emfModelFactory='hu.blackbelt.epsilon.runtime.execution.ExecutionContextTest$3@a1f72f5'}
INFO main hu.blackbelt.epsilon.runtime.execution.Slf4jLog -     Artifact model file: model:model:epsilon-runtime-test1.model
INFO main hu.blackbelt.epsilon.runtime.execution.Slf4jLog - Registering MODEL_URI: model:model:epsilon-runtime-test1.model
INFO main hu.blackbelt.epsilon.runtime.execution.Slf4jLog - Model: EmfModel{artifacts='{model=model:epsilon-runtime-test1.model}', name='TEST', aliases=[], readOnLoad=true, storeOnDisposal=false, cached=true, metaModelFile=null, platformAlias='null', expand=true, metaModelUris=null, validateModel='true', emfModelFactory='hu.blackbelt.epsilon.runtime.execution.ExecutionContextTest$3@72ef8d15'}
INFO main hu.blackbelt.epsilon.runtime.execution.Slf4jLog -     Artifact model file: model:model:epsilon-runtime-test1.model
INFO main hu.blackbelt.epsilon.runtime.execution.Slf4jLog - Registering MODEL_URI: model:model:epsilon-runtime-test1.model
INFO main hu.blackbelt.epsilon.runtime.execution.Slf4jLog - Model: EmfModel{artifacts='{model=model:epsilon-runtime-test1.model}', name='TEST', aliases=[], readOnLoad=true, storeOnDisposal=false, cached=true, metaModelFile=null, platformAlias='null', expand=true, metaModelUris=null, validateModel='true', emfModelFactory='hu.blackbelt.epsilon.runtime.execution.ExecutionContextTest$3@72ef8d15'}
INFO main hu.blackbelt.epsilon.runtime.execution.Slf4jLog -     Artifact model file: model:model:epsilon-runtime-test1.model
INFO main hu.blackbelt.epsilon.runtime.execution.Slf4jLog - Registering MODEL_URI: model:model:epsilon-runtime-test1.model
INFO main hu.blackbelt.epsilon.runtime.execution.Slf4jLog - Model: EmfModel{artifacts='{model=model:epsilon-runtime-test1.model}', name='TEST', aliases=[], readOnLoad=true, storeOnDisposal=false, cached=true, metaModelFile=null, platformAlias='null', expand=true, metaModelUris=null, validateModel='true', emfModelFactory='hu.blackbelt.epsilon.runtime.execution.ExecutionContextTest$3@359f7cdf'}
INFO main hu.blackbelt.epsilon.runtime.execution.Slf4jLog -     Artifact model file: model:model:epsilon-runtime-test1.model
INFO main hu.blackbelt.epsilon.runtime.execution.Slf4jLog - Registering MODEL_URI: model:model:epsilon-runtime-test1.model
INFO main hu.blackbelt.epsilon.runtime.execution.Slf4jLog - Model: EmfModel{artifacts='{model=model:epsilon-runtime-test1.model}', name='TEST', aliases=[], readOnLoad=true, storeOnDisposal=false, cached=true, metaModelFile=null, platformAlias='null', expand=true, metaModelUris=null, validateModel='true', emfModelFactory='hu.blackbelt.epsilon.runtime.execution.model.emf.DefaultRuntimeEmfModelFactory@189cbd7c'}
INFO main hu.blackbelt.epsilon.runtime.execution.Slf4jLog -     Artifact model file: nio:model:epsilon-runtime-test1.model
INFO main hu.blackbelt.epsilon.runtime.execution.Slf4jLog - Registering MODEL_URI: nio:model:epsilon-runtime-test1.model
DEBUG main hu.blackbelt.epsilon.runtime.execution.model.emf.DefaultRuntimeXmiResourceImpl - Load optimized model - nio:model:epsilon-runtime-test1.model
INFO main hu.blackbelt.epsilon.runtime.execution.Slf4jLog - Model: EmfModel{artifacts='{model=model:epsilon-runtime-test1.model}', name='TEST', aliases=[], readOnLoad=true, storeOnDisposal=false, cached=true, metaModelFile=null, platformAlias='null', expand=true, metaModelUris=null, validateModel='true', emfModelFactory='hu.blackbelt.epsilon.runtime.execution.model.emf.DefaultRuntimeEmfModelFactory@189cbd7c'}
INFO main hu.blackbelt.epsilon.runtime.execution.Slf4jLog -     Artifact model file: nio:model:epsilon-runtime-test1.model
INFO main hu.blackbelt.epsilon.runtime.execution.Slf4jLog - Registering MODEL_URI: nio:model:epsilon-runtime-test1.model
INFO main hu.blackbelt.epsilon.runtime.execution.Slf4jLog - Model: EmfModel{artifacts='{model=model:epsilon-runtime-test1.model}', name='TEST', aliases=[], readOnLoad=true, storeOnDisposal=false, cached=true, metaModelFile=null, platformAlias='null', expand=true, metaModelUris=null, validateModel='true', emfModelFactory='hu.blackbelt.epsilon.runtime.execution.model.emf.DefaultRuntimeEmfModelFactory@189cbd7c'}
INFO main hu.blackbelt.epsilon.runtime.execution.Slf4jLog -     Artifact model file: nio:model:epsilon-runtime-test1.model
INFO main hu.blackbelt.epsilon.runtime.execution.Slf4jLog - Registering MODEL_URI: nio:model:epsilon-runtime-test1.model
INFO main hu.blackbelt.epsilon.runtime.execution.Slf4jLog - Model: EmfModel{artifacts='{model=model:epsilon-runtime-test1.model}', name='TEST', aliases=[], readOnLoad=true, storeOnDisposal=false, cached=true, metaModelFile=null, platformAlias='null', expand=true, metaModelUris=null, validateModel='true', emfModelFactory='hu.blackbelt.epsilon.runtime.execution.model.emf.DefaultRuntimeEmfModelFactory@189cbd7c'}
INFO main hu.blackbelt.epsilon.runtime.execution.Slf4jLog -     Artifact model file: nio:model:epsilon-runtime-test1.model
INFO main hu.blackbelt.epsilon.runtime.execution.Slf4jLog - Registering MODEL_URI: nio:model:epsilon-runtime-test1.model
INFO main hu.blackbelt.epsilon.runtime.execution.Slf4jLog - Model: EmfModel{artifacts='{model=model:epsilon-runtime-test1.model}', name='TEST', aliases=[], readOnLoad=true, storeOnDisposal=false, cached=true, metaModelFile=null, platformAlias='null', expand=true, metaModelUris=null, validateModel='true', emfModelFactory='hu.blackbelt.epsilon.runtime.execution.model.emf.DefaultRuntimeEmfModelFactory@189cbd7c'}
INFO main hu.blackbelt.epsilon.runtime.execution.Slf4jLog -     Artifact model file: niofs:model:epsilon-runtime-test1.model
INFO main hu.blackbelt.epsilon.runtime.execution.Slf4jLog - Registering MODEL_URI: niofs:model:epsilon-runtime-test1.model
INFO main hu.blackbelt.epsilon.runtime.execution.Slf4jLog - Model: EmfModel{artifacts='{model=model:epsilon-runtime-test1.model}', name='TEST', aliases=[], readOnLoad=true, storeOnDisposal=false, cached=true, metaModelFile=null, platformAlias='null', expand=true, metaModelUris=null, validateModel='true', emfModelFactory='hu.blackbelt.epsilon.runtime.execution.model.emf.DefaultRuntimeEmfModelFactory@51a9ad5e'}
INFO main hu.blackbelt.epsilon.runtime.execution.Slf4jLog -     Artifact model file: niofs:model:epsilon-runtime-test1.model
INFO main hu.blackbelt.epsilon.runtime.execution.Slf4jLog - Registering MODEL_URI: niofs:model:epsilon-runtime-test1.model
